12:59:46 scenario.file.loc[Ljava.lang.String;@382db087
12:59:46 loading BDD file: C:\Users\shubham.dubey\QASWorkspace\AppiumDemo\.\scenarios\flipkartbasicTest.bdd
12:59:46 total test found: 1
12:59:46 

Executing scenario: Test Flipkart - Basic verification of flipkart app
12:59:46 pkg: com.qmetry.qaf.automation.step
12:59:46 pkg: com.appiumdemo
12:59:47 Invoking Teststep: Given user is on the landinPage and selects close signup
13:00:00 Completed Teststep: Given user is on the landinPage and selects close signup
13:00:00 Invoking Teststep: Then is user in on the homepage and searches for 'ipad' with arguments: [ipad]
13:00:11 Completed Teststep: Then is user in on the homepage and searches for 'ipad' with arguments: [ipad]
13:00:11 Invoking Teststep: Then user sorts the produts in low to high price order
13:00:15 Completed Teststep: Then user sorts the produts in low to high price order
13:00:15 Invoking Teststep: Then user selects the prdouct from the list of available products
13:00:21 Completed Teststep: Then user selects the prdouct from the list of available products
13:00:21 Invoking Teststep: Then user adds the product to its  cart
13:00:27 Completed Teststep: Then user adds the product to its  cart
13:00:27 Invoking Teststep: Then user navigates to cart page
13:00:45 Completed Teststep: Then user navigates to cart page
13:00:45 Competed scenario: Test Flipkart with status SUCESS
13:11:59 scenario.file.loc[Ljava.lang.String;@382db087
13:11:59 loading BDD file: C:\Users\shubham.dubey\QASWorkspace\AppiumDemo\.\scenarios\flipkartbasicTest.bdd
13:11:59 total test found: 1
13:11:59 

Executing scenario: Test Flipkart - Basic verification of flipkart app
13:11:59 pkg: com.qmetry.qaf.automation.step
13:11:59 pkg: com.appiumdemo
13:11:59 Invoking Teststep: Given user is on the landinPage and selects close signup
13:12:17 Completed Teststep: Given user is on the landinPage and selects close signup
13:12:17 Invoking Teststep: Then is user in on the homepage and searches for 'ipad' with arguments: [ipad]
13:12:27 Completed Teststep: Then is user in on the homepage and searches for 'ipad' with arguments: [ipad]
13:12:27 Invoking Teststep: Then user sorts the produts in low to high price order
13:12:31 Completed Teststep: Then user sorts the produts in low to high price order
13:12:31 Invoking Teststep: Then user selects the prdouct from the list of available products
13:12:37 Completed Teststep: Then user selects the prdouct from the list of available products
13:12:37 Invoking Teststep: Then user adds the product to its  cart
13:12:43 Completed Teststep: Then user adds the product to its  cart
13:12:43 Invoking Teststep: Then user navigates to cart page
13:13:30 Failure Teststep: Then user navigates to cart page
org.openqa.selenium.TimeoutException: Timed out after 30 seconds waiting for presence of element located by: By.xpath: //android.view.View[@content-desc='Apple iPad 32 GB 9.7 inch with Wi-Fi Only']
Build info: version: '2.53.0', revision: '35ae25b1534ae328c771e0856c93e187490ca824', time: '2016-03-15 10:43:46'
System info: host: 'ICPL12785', ip: '192.168.148.2', os.name: 'Windows 10', os.arch: 'amd64', os.version: '10.0', java.version: '1.8.0_144'
Driver info: driver.version: QAFExtendedWebDriver
	at org.openqa.selenium.support.ui.FluentWait.timeoutException(FluentWait.java:292)
	at org.openqa.selenium.support.ui.FluentWait.until(FluentWait.java:261)
	at com.qmetry.qaf.automation.ui.webdriver.QAFExtendedWebDriver.load(QAFExtendedWebDriver.java:214)
	at com.qmetry.qaf.automation.ui.webdriver.QAFExtendedWebElement.load(QAFExtendedWebElement.java:284)
	at com.qmetry.qaf.automation.ui.webdriver.QAFExtendedWebElement.execute(QAFExtendedWebElement.java:239)
	at org.openqa.selenium.remote.RemoteWebElement.getText(RemoteWebElement.java:179)
	at com.appiumdemo.Pages.AddtocartTestPage.verifyCartProductDetails(AddtocartTestPage.java:42)
	at com.appiumdemo.StepsBackLog.userNavigatesToCartPage(StepsBackLog.java:69)
	at sun.reflect.NativeMethodAccessorImpl.invoke0(Native Method)
	at sun.reflect.NativeMethodAccessorImpl.invoke(NativeMethodAccessorImpl.java:62)
	at sun.reflect.DelegatingMethodAccessorImpl.invoke(DelegatingMethodAccessorImpl.java:43)
	at java.lang.reflect.Method.invoke(Method.java:498)
	at com.qmetry.qaf.automation.step.JavaStep.doExecute(JavaStep.java:160)
	at com.qmetry.qaf.automation.step.BaseTestStep.execute(BaseTestStep.java:149)
	at com.qmetry.qaf.automation.step.StringTestStep.execute(StringTestStep.java:134)
	at com.qmetry.qaf.automation.step.client.Scenario.execute(Scenario.java:167)
	at com.qmetry.qaf.automation.step.client.Scenario.scenario(Scenario.java:219)
	at sun.reflect.NativeMethodAccessorImpl.invoke0(Native Method)
	at sun.reflect.NativeMethodAccessorImpl.invoke(NativeMethodAccessorImpl.java:62)
	at sun.reflect.DelegatingMethodAccessorImpl.invoke(DelegatingMethodAccessorImpl.java:43)
	at java.lang.reflect.Method.invoke(Method.java:498)
	at org.testng.internal.MethodInvocationHelper.invokeMethod(MethodInvocationHelper.java:104)
	at org.testng.internal.Invoker.invokeMethod(Invoker.java:645)
	at org.testng.internal.Invoker.invokeTestMethod(Invoker.java:851)
	at org.testng.internal.Invoker.invokeTestMethods(Invoker.java:1177)
	at org.testng.internal.TestMethodWorker.invokeTestMethods(TestMethodWorker.java:129)
	at org.testng.internal.TestMethodWorker.run(TestMethodWorker.java:112)
	at org.testng.TestRunner.privateRun(TestRunner.java:781)
	at org.testng.TestRunner.run(TestRunner.java:635)
	at org.testng.SuiteRunner.runTest(SuiteRunner.java:387)
	at org.testng.SuiteRunner.runSequentially(SuiteRunner.java:382)
	at org.testng.SuiteRunner.privateRun(SuiteRunner.java:340)
	at org.testng.SuiteRunner.run(SuiteRunner.java:289)
	at org.testng.SuiteRunnerWorker.runSuite(SuiteRunnerWorker.java:52)
	at org.testng.SuiteRunnerWorker.run(SuiteRunnerWorker.java:86)
	at org.testng.TestNG.runSuitesSequentially(TestNG.java:1293)
	at org.testng.TestNG.runSuitesLocally(TestNG.java:1218)
	at org.testng.TestNG.runSuites(TestNG.java:1133)
	at org.testng.TestNG.run(TestNG.java:1104)
	at org.testng.remote.AbstractRemoteTestNG.run(AbstractRemoteTestNG.java:114)
	at org.testng.remote.RemoteTestNG.initAndRun(RemoteTestNG.java:251)
	at org.testng.remote.RemoteTestNG.main(RemoteTestNG.java:77)
Caused by: org.openqa.selenium.NoSuchElementException: An element could not be located on the page using the given search parameters. (WARNING: The server did not provide any stacktrace information)
Command duration or timeout: 289 milliseconds
For documentation on this error, please visit: http://seleniumhq.org/exceptions/no_such_element.html
Build info: version: '2.53.0', revision: '35ae25b1534ae328c771e0856c93e187490ca824', time: '2016-03-15 10:43:46'
System info: host: 'ICPL12785', ip: '192.168.148.2', os.name: 'Windows 10', os.arch: 'amd64', os.version: '10.0', java.version: '1.8.0_144'
Driver info: com.qmetry.qaf.automation.ui.webdriver.QAFExtendedWebDriver
Capabilities [{appPackage=com.flipkart.android, deviceScreenSize=1080x1920, networkConnectionEnabled=true, AutomationName=appium, warnings={}, databaseEnabled=false, deviceName=192.168.148.101:5555, platform=LINUX, deviceUDID=192.168.148.101:5555, appActivity=com.flipkart.android.activity.HomeFragmentHolderActivity, browser_name=, desired={appPackage=com.flipkart.android, appActivity=com.flipkart.android.activity.HomeFragmentHolderActivity, browser_name=, AutomationName=appium, appium-version=4.1.2, newCommandTimeout=120, takesScreenshot=true, javascriptEnabled=True, driver.class=io.appium.java_client.android.AndroidDriver, platformName=Android, deviceName=192.168.88.101:5555, cssSelectorsEnabled=true}, appium-version=4.1.2, newCommandTimeout=120, platformVersion=5.0, webStorageEnabled=false, locationContextEnabled=false, takesScreenshot=true, javascriptEnabled=True, driver.class=io.appium.java_client.android.AndroidDriver, deviceModel=Google Nexus 5 - 5.0.0 - API 21 - 1080x1920, platformName=Android, deviceManufacturer=unknown, cssSelectorsEnabled=true}]
Session ID: 3a483972-7172-4105-a4dd-39eb55955198
*** Element info: {Using=xpath, value=//android.view.View[@content-desc='Apple iPad 32 GB 9.7 inch with Wi-Fi Only']}
	at sun.reflect.GeneratedConstructorAccessor17.newInstance(Unknown Source)
	at sun.reflect.DelegatingConstructorAccessorImpl.newInstance(DelegatingConstructorAccessorImpl.java:45)
	at java.lang.reflect.Constructor.newInstance(Constructor.java:423)
	at org.openqa.selenium.remote.ErrorHandler.createThrowable(ErrorHandler.java:206)
	at org.openqa.selenium.remote.ErrorHandler.throwIfResponseFailed(ErrorHandler.java:158)
	at org.openqa.selenium.remote.RemoteWebDriver.execute(RemoteWebDriver.java:678)
	at com.qmetry.qaf.automation.ui.webdriver.QAFExtendedWebDriver.execute(QAFExtendedWebDriver.java:234)
	at org.openqa.selenium.remote.RemoteWebDriver.findElement(RemoteWebDriver.java:363)
	at org.openqa.selenium.remote.RemoteWebDriver.findElementByXPath(RemoteWebDriver.java:500)
	at com.qmetry.qaf.automation.ui.webdriver.QAFExtendedWebDriver.findElementByXPath(QAFExtendedWebDriver.java:398)
	at com.qmetry.qaf.automation.ui.webdriver.QAFExtendedWebDriver.findElementByXPath(QAFExtendedWebDriver.java:1)
	at org.openqa.selenium.By$ByXPath.findElement(By.java:361)
	at org.openqa.selenium.remote.RemoteWebDriver.findElement(RemoteWebDriver.java:355)
	at com.qmetry.qaf.automation.ui.webdriver.QAFExtendedWebDriver.findElement(QAFExtendedWebDriver.java:169)
	at com.qmetry.qaf.automation.ui.webdriver.QAFExtendedWebDriver.findElement(QAFExtendedWebDriver.java:1)
	at org.openqa.selenium.support.ui.ExpectedConditions.findElement(ExpectedConditions.java:899)
	at org.openqa.selenium.support.ui.ExpectedConditions.access$000(ExpectedConditions.java:41)
	at org.openqa.selenium.support.ui.ExpectedConditions$6.apply(ExpectedConditions.java:181)
	at org.openqa.selenium.support.ui.ExpectedConditions$6.apply(ExpectedConditions.java:178)
	at org.openqa.selenium.support.ui.FluentWait.until(FluentWait.java:238)
	... 40 more
13:13:30 Completed Teststep: Then user navigates to cart page
13:13:30 Competed scenario: Test Flipkart with status FAILURE
